<?xml version="1.0" encoding="UTF-8"?>
<testsuite xmlns:xsi="http://www.w3.org/2001/XMLSchema-instance" xsi:noNamespaceSchemaLocation="https://maven.apache.org/surefire/maven-surefire-plugin/xsd/surefire-test-report-3.0.xsd" version="3.0" name="cucumber.Options.TestRunner" time="19.534" tests="19" errors="0" skipped="0" failures="0">
  <properties>
[...]
</properties>
  <testcase name="Add the Add API with payload &quot;50.877045&quot; &quot;7.3157654&quot; 50 &quot;Naafbachtal Nature Reserve&quot; &quot;+7458748547&quot; &quot;Auenweg Neunkirchen-Seelscheid, Germany&quot; &quot;https://nsg.naturschutzinformationen.nrw.de/&quot; &quot;DE&quot;" classname=" #1" time="1.75">
    <system-out><![CDATA[
@AddPlaceAPI
Scenario Outline:                                                                                                                                                                                        &amp#27;[90m# src/test/java/features/AddPlaceAPI.feature:18&amp#27;[0m
]]></system-out>
  </testcase>
  <testcase name="User call the &quot;Post&quot; the &quot;Addmapapi&quot; with the json payload" classname=" #1" time="13.307">
    <system-out><![CDATA[  &amp#27;[32mGiven &amp#27;[0m&amp#27;[32mAdd the Add API with payload &amp#27;[0m&amp#27;[32m&amp#27;[1m"50.877045"&amp#27;[0m&amp#27;[32m &amp#27;[0m&amp#27;[32m&amp#27;[1m"7.3157654"&amp#27;[0m&amp#27;[32m &amp#27;[0m&amp#27;[32m&amp#27;[1m50&amp#27;[0m&amp#27;[32m &amp#27;[0m&amp#27;[32m&amp#27;[1m"Naafbachtal Nature Reserve"&amp#27;[0m&amp#27;[32m &amp#27;[0m&amp#27;[32m&amp#27;[1m"+7458748547"&amp#27;[0m&amp#27;[32m &amp#27;[0m&amp#27;[32m&amp#27;[1m"Auenweg Neunkirchen-Seelscheid, Germany"&amp#27;[0m&amp#27;[32m &amp#27;[0m&amp#27;[32m&amp#27;[1m"https://nsg.naturschutzinformationen.nrw.de/"&amp#27;[0m&amp#27;[32m &amp#27;[0m&amp#27;[32m&amp#27;[1m"DE"&amp#27;[0m &amp#27;[90m# stepDefinations.AddPlaceAPIStepDefination.add_the_add_api_with_payload(java.lang.String,java.lang.String,int,java.lang.String,java.lang.String,java.lang.String,java.lang.String,java.lang.String)&amp#27;[0m
is enium working /maps/api/place/add/json
Request method:	POST
Request URI:	https://rahulshettyacademy.com/maps/api/place/add/json?key=qaclick123
Proxy:			<none>
Request params:	<none>
Query params:	key=qaclick123
Form params:	<none>
Path params:	<none>
Headers:		Accept=*/*
				Content-Type=application/json
Cookies:		<none>
Multiparts:		<none>
Body:
{
    "location": {
        "lat": -38.383494,
        "lng": 33.427362
    },
    "accuracy": 50,
    "name": "Naafbachtal Nature Reserve",
    "phone_number": "+7458748547",
    "address": "Auenweg Neunkirchen-Seelscheid, Germany",
    "types": [
        "shoe park",
        "shop"
    ],
    "website": "https://nsg.naturschutzinformationen.nrw.de/",
    "language": "DE"
}
HTTP/1.1 200 OK
Date: Sat, 05 Aug 2023 08:46:23 GMT
Server: Apache/2.4.52 (Ubuntu)
Access-Control-Allow-Origin: *
Access-Control-Allow-Methods: POST
Access-Control-Max-Age: 3600
Access-Control-Allow-Headers: Content-Type, Access-Control-Allow-Headers, Authorization, X-Requested-With
Content-Length: 194
Keep-Alive: timeout=5, max=100
Connection: Keep-Alive
Content-Type: application/json;charset=UTF-8

{
    "status": "OK",
    "place_id": "1c529aa523a5b34afb28be04fe1dbc8b",
    "scope": "APP",
    "reference": "39c58c22e66a011e02ae9e9d6904d38a39c58c22e66a011e02ae9e9d6904d38a",
    "id": "39c58c22e66a011e02ae9e9d6904d38a"
}
]]></system-out>
  </testcase>
  <testcase name="Validates the HTTP StatusCode of the response is 200" classname=" #1" time="0.001">
    <system-out><![CDATA[  &amp#27;[32mWhen &amp#27;[0m&amp#27;[32mUser call the &amp#27;[0m&amp#27;[32m&amp#27;[1m"Post"&amp#27;[0m&amp#27;[32m the &amp#27;[0m&amp#27;[32m&amp#27;[1m"Addmapapi"&amp#27;[0m&amp#27;[32m with the json payload&amp#27;[0m                                                                                                                                        &amp#27;[90m# stepDefinations.AddPlaceAPIStepDefination.user_call_the_the_with_the_json_payload(java.lang.String,java.lang.String)&amp#27;[0m
200
]]></system-out>
  </testcase>
  <testcase name="validates the &quot;status&quot; in the response is &quot;OK&quot;" classname=" #1" time="0.889">
    <system-out><![CDATA[  &amp#27;[32mThen &amp#27;[0m&amp#27;[32mValidates the HTTP StatusCode of the response is &amp#27;[0m&amp#27;[32m&amp#27;[1m200&amp#27;[0m                                                                                                                                              &amp#27;[90m# stepDefinations.AddPlaceAPIStepDefination.validates_the_http_of_the_response_is(int)&amp#27;[0m
]]></system-out>
  </testcase>
  <testcase name="Validates &quot;scope&quot; in the response is &quot;APP&quot;" classname=" #1" time="0.016">
    <system-out><![CDATA[  &amp#27;[32mAnd &amp#27;[0m&amp#27;[32mvalidates the &amp#27;[0m&amp#27;[32m&amp#27;[1m"status"&amp#27;[0m&amp#27;[32m in the response is &amp#27;[0m&amp#27;[32m&amp#27;[1m"OK"&amp#27;[0m                                                                                                                                                     &amp#27;[90m# stepDefinations.AddPlaceAPIStepDefination.validates_the_in_the_response_is(java.lang.String,java.lang.String)&amp#27;[0m
]]></system-out>
  </testcase>
  <testcase name="Validate the &quot;Naafbachtal Nature Reserve&quot; value in the &quot;Getmapdetailsapi&quot; matches with the Addmapi response" classname=" #1" time="0.446">
    <system-out><![CDATA[  &amp#27;[32mAnd &amp#27;[0m&amp#27;[32mValidates &amp#27;[0m&amp#27;[32m&amp#27;[1m"scope"&amp#27;[0m&amp#27;[32m in the response is &amp#27;[0m&amp#27;[32m&amp#27;[1m"APP"&amp#27;[0m                                                                                                                                                         &amp#27;[90m# stepDefinations.AddPlaceAPIStepDefination.validates_in_the_response_is(java.lang.String,java.lang.String)&amp#27;[0m
is enium working /maps/api/place/get/json
Request method:	GET
Request URI:	https://rahulshettyacademy.com/maps/api/place/get/json?key=qaclick123&place_id=1c529aa523a5b34afb28be04fe1dbc8b
Proxy:			<none>
Request params:	<none>
Query params:	key=qaclick123
				place_id=1c529aa523a5b34afb28be04fe1dbc8b
Form params:	<none>
Path params:	<none>
Headers:		Accept=*/*
				Content-Type=application/json
Cookies:		<none>
Multiparts:		<none>
Body:			<none>
HTTP/1.1 200 OK
Date: Sat, 05 Aug 2023 08:46:25 GMT
Server: Apache/2.4.52 (Ubuntu)
Access-Control-Allow-Origin: *
Access-Control-Allow-Methods: POST
Access-Control-Max-Age: 3600
Access-Control-Allow-Headers: Content-Type, Access-Control-Allow-Headers, Authorization, X-Requested-With
Content-Length: 296
Keep-Alive: timeout=5, max=100
Connection: Keep-Alive
Content-Type: application/json;charset=UTF-8

{
    "location": {
        "latitude": "-38.383494",
        "longitude": "33.427362"
    },
    "accuracy": "50",
    "name": "Naafbachtal Nature Reserve",
    "phone_number": "+7458748547",
    "address": "Auenweg Neunkirchen-Seelscheid, Germany",
    "types": "shoe park,shop",
    "website": "https://nsg.naturschutzinformationen.nrw.de/",
    "language": "DE"
}
]]></system-out>
  </testcase>
  <testcase name="" classname=" #1" time="0.454">
    <system-out><![CDATA[  &amp#27;[32mAnd &amp#27;[0m&amp#27;[32mValidate the &amp#27;[0m&amp#27;[32m&amp#27;[1m"Naafbachtal Nature Reserve"&amp#27;[0m&amp#27;[32m value in the &amp#27;[0m&amp#27;[32m&amp#27;[1m"Getmapdetailsapi"&amp#27;[0m&amp#27;[32m matches with the Addmapi response&amp#27;[0m                                                                                        &amp#27;[90m# stepDefinations.AddPlaceAPIStepDefination.validate_the_value_in_the_matches_with_the_addmapi_response(java.lang.String,java.lang.String)&amp#27;[0m
]]></system-out>
  </testcase>
  <testcase name="Add the Add API with payload &quot;52.1594683&quot; &quot;6.0659377&quot; 50 &quot;Marhe / Sfeervolle Bestrating&quot; &quot;+31557908831&quot; &quot;Woudweg BC Klarenbeek, Netherlands&quot; &quot;https://www.sfeervollebestrating.nl/&quot; &quot;NL&quot;" classname=" #2" time="0.003">
    <system-out><![CDATA[
@AddPlaceAPI
Scenario Outline:                                                                                                                                                                                &amp#27;[90m# src/test/java/features/AddPlaceAPI.feature:19&amp#27;[0m
]]></system-out>
  </testcase>
  <testcase name="User call the &quot;Post&quot; the &quot;Addmapapi&quot; with the json payload" classname=" #2" time="0.255">
    <system-out><![CDATA[  &amp#27;[32mGiven &amp#27;[0m&amp#27;[32mAdd the Add API with payload &amp#27;[0m&amp#27;[32m&amp#27;[1m"52.1594683"&amp#27;[0m&amp#27;[32m &amp#27;[0m&amp#27;[32m&amp#27;[1m"6.0659377"&amp#27;[0m&amp#27;[32m &amp#27;[0m&amp#27;[32m&amp#27;[1m50&amp#27;[0m&amp#27;[32m &amp#27;[0m&amp#27;[32m&amp#27;[1m"Marhe / Sfeervolle Bestrating"&amp#27;[0m&amp#27;[32m &amp#27;[0m&amp#27;[32m&amp#27;[1m"+31557908831"&amp#27;[0m&amp#27;[32m &amp#27;[0m&amp#27;[32m&amp#27;[1m"Woudweg BC Klarenbeek, Netherlands"&amp#27;[0m&amp#27;[32m &amp#27;[0m&amp#27;[32m&amp#27;[1m"https://www.sfeervollebestrating.nl/"&amp#27;[0m&amp#27;[32m &amp#27;[0m&amp#27;[32m&amp#27;[1m"NL"&amp#27;[0m &amp#27;[90m# stepDefinations.AddPlaceAPIStepDefination.add_the_add_api_with_payload(java.lang.String,java.lang.String,int,java.lang.String,java.lang.String,java.lang.String,java.lang.String,java.lang.String)&amp#27;[0m
is enium working /maps/api/place/add/json
Request method:	POST
Request URI:	https://rahulshettyacademy.com/maps/api/place/add/json?key=qaclick123
Proxy:			<none>
Request params:	<none>
Query params:	key=qaclick123
Form params:	<none>
Path params:	<none>
Headers:		Accept=*/*
				Content-Type=application/json
Cookies:		<none>
Multiparts:		<none>
Body:
{
    "location": {
        "lat": -38.383494,
        "lng": 33.427362
    },
    "accuracy": 50,
    "name": "Marhe / Sfeervolle Bestrating",
    "phone_number": "+31557908831",
    "address": "Woudweg BC Klarenbeek, Netherlands",
    "types": [
        "shoe park",
        "shop"
    ],
    "website": "https://www.sfeervollebestrating.nl/",
    "language": "NL"
}
HTTP/1.1 200 OK
Date: Sat, 05 Aug 2023 08:46:25 GMT
Server: Apache/2.4.52 (Ubuntu)
Access-Control-Allow-Origin: *
Access-Control-Allow-Methods: POST
Access-Control-Max-Age: 3600
Access-Control-Allow-Headers: Content-Type, Access-Control-Allow-Headers, Authorization, X-Requested-With
Content-Length: 194
Keep-Alive: timeout=5, max=100
Connection: Keep-Alive
Content-Type: application/json;charset=UTF-8

{
    "status": "OK",
    "place_id": "9f1ae16e3931a85f4803bfdafed1aee6",
    "scope": "APP",
    "reference": "743fbcf3272a6a796c897f9b82394e48743fbcf3272a6a796c897f9b82394e48",
    "id": "743fbcf3272a6a796c897f9b82394e48"
}
]]></system-out>
  </testcase>
  <testcase name="Validates the HTTP StatusCode of the response is 200" classname=" #2" time="0.002">
    <system-out><![CDATA[  &amp#27;[32mWhen &amp#27;[0m&amp#27;[32mUser call the &amp#27;[0m&amp#27;[32m&amp#27;[1m"Post"&amp#27;[0m&amp#27;[32m the &amp#27;[0m&amp#27;[32m&amp#27;[1m"Addmapapi"&amp#27;[0m&amp#27;[32m with the json payload&amp#27;[0m                                                                                                                                &amp#27;[90m# stepDefinations.AddPlaceAPIStepDefination.user_call_the_the_with_the_json_payload(java.lang.String,java.lang.String)&amp#27;[0m
200
]]></system-out>
  </testcase>
  <testcase name="validates the &quot;status&quot; in the response is &quot;OK&quot;" classname=" #2" time="0.0">
    <system-out><![CDATA[  &amp#27;[32mThen &amp#27;[0m&amp#27;[32mValidates the HTTP StatusCode of the response is &amp#27;[0m&amp#27;[32m&amp#27;[1m200&amp#27;[0m                                                                                                                                      &amp#27;[90m# stepDefinations.AddPlaceAPIStepDefination.validates_the_http_of_the_response_is(int)&amp#27;[0m
]]></system-out>
  </testcase>
  <testcase name="Validates &quot;scope&quot; in the response is &quot;APP&quot;" classname=" #2" time="0.01">
    <system-out><![CDATA[  &amp#27;[32mAnd &amp#27;[0m&amp#27;[32mvalidates the &amp#27;[0m&amp#27;[32m&amp#27;[1m"status"&amp#27;[0m&amp#27;[32m in the response is &amp#27;[0m&amp#27;[32m&amp#27;[1m"OK"&amp#27;[0m                                                                                                                                             &amp#27;[90m# stepDefinations.AddPlaceAPIStepDefination.validates_the_in_the_response_is(java.lang.String,java.lang.String)&amp#27;[0m
]]></system-out>
  </testcase>
  <testcase name="Validate the &quot;Marhe / Sfeervolle Bestrating&quot; value in the &quot;Getmapdetailsapi&quot; matches with the Addmapi response" classname=" #2" time="0.368">
    <system-out><![CDATA[  &amp#27;[32mAnd &amp#27;[0m&amp#27;[32mValidates &amp#27;[0m&amp#27;[32m&amp#27;[1m"scope"&amp#27;[0m&amp#27;[32m in the response is &amp#27;[0m&amp#27;[32m&amp#27;[1m"APP"&amp#27;[0m                                                                                                                                                 &amp#27;[90m# stepDefinations.AddPlaceAPIStepDefination.validates_in_the_response_is(java.lang.String,java.lang.String)&amp#27;[0m
is enium working /maps/api/place/get/json
Request method:	GET
Request URI:	https://rahulshettyacademy.com/maps/api/place/get/json?key=qaclick123&place_id=9f1ae16e3931a85f4803bfdafed1aee6
Proxy:			<none>
Request params:	<none>
Query params:	key=qaclick123
				place_id=9f1ae16e3931a85f4803bfdafed1aee6
Form params:	<none>
Path params:	<none>
Headers:		Accept=*/*
				Content-Type=application/json
Cookies:		<none>
Multiparts:		<none>
Body:			<none>
HTTP/1.1 200 OK
Date: Sat, 05 Aug 2023 08:46:25 GMT
Server: Apache/2.4.52 (Ubuntu)
Access-Control-Allow-Origin: *
Access-Control-Allow-Methods: POST
Access-Control-Max-Age: 3600
Access-Control-Allow-Headers: Content-Type, Access-Control-Allow-Headers, Authorization, X-Requested-With
Content-Length: 288
Keep-Alive: timeout=5, max=100
Connection: Keep-Alive
Content-Type: application/json;charset=UTF-8

{
    "location": {
        "latitude": "-38.383494",
        "longitude": "33.427362"
    },
    "accuracy": "50",
    "name": "Marhe / Sfeervolle Bestrating",
    "phone_number": "+31557908831",
    "address": "Woudweg BC Klarenbeek, Netherlands",
    "types": "shoe park,shop",
    "website": "https://www.sfeervollebestrating.nl/",
    "language": "NL"
}
]]></system-out>
  </testcase>
  <testcase name="" classname=" #2" time="0.389">
    <system-out><![CDATA[  &amp#27;[32mAnd &amp#27;[0m&amp#27;[32mValidate the &amp#27;[0m&amp#27;[32m&amp#27;[1m"Marhe / Sfeervolle Bestrating"&amp#27;[0m&amp#27;[32m value in the &amp#27;[0m&amp#27;[32m&amp#27;[1m"Getmapdetailsapi"&amp#27;[0m&amp#27;[32m matches with the Addmapi response&amp#27;[0m                                                                             &amp#27;[90m# stepDefinations.AddPlaceAPIStepDefination.validate_the_value_in_the_matches_with_the_addmapi_response(java.lang.String,java.lang.String)&amp#27;[0m
]]></system-out>
  </testcase>
  <testcase name="User add the Payload in the DeleteAPI" classname="Verify the Delete MAP API is working properly or not" time="0.0">
    <system-out><![CDATA[
@DelPlaceAPI
Scenario: Verify the Delete MAP API is working properly or not         &amp#27;[90m# src/test/java/features/AddPlaceAPI.feature:22&amp#27;[0m
]]></system-out>
  </testcase>
  <testcase name="User call the &quot;DELETE&quot; the &quot;Deletemapapi&quot; with the json payload" classname="Verify the Delete MAP API is working properly or not" time="0.428">
    <system-out><![CDATA[  &amp#27;[32mGiven &amp#27;[0m&amp#27;[32mUser add the Payload in the DeleteAPI&amp#27;[0m                          &amp#27;[90m# stepDefinations.AddPlaceAPIStepDefination.user_add_the_payload_in_the_delete_api()&amp#27;[0m
is enium working /maps/api/place/delete/json
Request method:	DELETE
Request URI:	https://rahulshettyacademy.com/maps/api/place/delete/json?key=qaclick123
Proxy:			<none>
Request params:	<none>
Query params:	key=qaclick123
Form params:	<none>
Path params:	<none>
Headers:		Accept=*/*
				Content-Type=application/json
Cookies:		<none>
Multiparts:		<none>
Body:
{
    "place_id": "9f1ae16e3931a85f4803bfdafed1aee6"
}
HTTP/1.1 200 OK
Date: Sat, 05 Aug 2023 08:46:26 GMT
Server: Apache/2.4.52 (Ubuntu)
Access-Control-Allow-Origin: *
Access-Control-Allow-Methods: POST
Access-Control-Max-Age: 3600
Access-Control-Allow-Headers: Content-Type, Access-Control-Allow-Headers, Authorization, X-Requested-With
Content-Length: 15
Keep-Alive: timeout=5, max=100
Connection: Keep-Alive
Content-Type: application/json;charset=UTF-8

{
    "status": "OK"
}
]]></system-out>
  </testcase>
  <testcase name="Validates the HTTP StatusCode of the response is 200" classname="Verify the Delete MAP API is working properly or not" time="0.004">
    <system-out><![CDATA[  &amp#27;[32mWhen &amp#27;[0m&amp#27;[32mUser call the &amp#27;[0m&amp#27;[32m&amp#27;[1m"DELETE"&amp#27;[0m&amp#27;[32m the &amp#27;[0m&amp#27;[32m&amp#27;[1m"Deletemapapi"&amp#27;[0m&amp#27;[32m with the json payload&amp#27;[0m &amp#27;[90m# stepDefinations.AddPlaceAPIStepDefination.user_call_the_the_with_the_json_payload(java.lang.String,java.lang.String)&amp#27;[0m
200
]]></system-out>
  </testcase>
  <testcase name="validates the &quot;status&quot; in the response is &quot;OK&quot;" classname="Verify the Delete MAP API is working properly or not" time="0.011">
    <system-out><![CDATA[  &amp#27;[32mThen &amp#27;[0m&amp#27;[32mValidates the HTTP StatusCode of the response is &amp#27;[0m&amp#27;[32m&amp#27;[1m200&amp#27;[0m            &amp#27;[90m# stepDefinations.AddPlaceAPIStepDefination.validates_the_http_of_the_response_is(int)&amp#27;[0m
]]></system-out>
  </testcase>
  <testcase name="" classname="Verify the Delete MAP API is working properly or not" time="0.015">
    <system-out><![CDATA[  &amp#27;[32mAnd &amp#27;[0m&amp#27;[32mvalidates the &amp#27;[0m&amp#27;[32m&amp#27;[1m"status"&amp#27;[0m&amp#27;[32m in the response is &amp#27;[0m&amp#27;[32m&amp#27;[1m"OK"&amp#27;[0m                   &amp#27;[90m# stepDefinations.AddPlaceAPIStepDefination.validates_the_in_the_response_is(java.lang.String,java.lang.String)&amp#27;[0m
]]></system-out>
  </testcase>
</testsuite>